2025-11-02 01:17:15,804 - INFO - Successfully started service: bluetooth
2025-11-02 01:17:21,044 - INFO - Successfully started service: cups
2025-11-02 01:17:21,049 - INFO - Successfully resumed process: chrome (PID: 29901)
2025-11-02 01:17:21,051 - INFO - Successfully resumed process: chrome (PID: 29919)
2025-11-02 01:17:21,052 - INFO - Successfully resumed process: chrome (PID: 29920)
2025-11-02 01:17:21,053 - INFO - Successfully resumed process: chrome (PID: 29922)
2025-11-02 01:17:21,055 - INFO - Successfully resumed process: chrome (PID: 30045)
2025-11-02 01:17:21,057 - INFO - Successfully resumed process: chrome (PID: 30467)
2025-11-02 01:17:21,060 - INFO - Successfully resumed process: chrome (PID: 30519)
2025-11-02 01:17:21,066 - INFO - Successfully resumed process: chrome (PID: 31019)
2025-11-02 01:17:21,074 - INFO - Successfully resumed process: chrome (PID: 31191)
2025-11-02 01:17:21,076 - INFO - Successfully resumed process: chrome (PID: 31227)
2025-11-02 01:17:21,077 - INFO - Successfully resumed process: chrome (PID: 31385)
2025-11-02 01:17:21,078 - INFO - Successfully resumed process: chrome (PID: 31391)
2025-11-02 01:17:21,082 - INFO - Successfully resumed process: chrome (PID: 31433)
2025-11-02 01:17:21,083 - INFO - Successfully resumed process: chrome (PID: 31472)
2025-11-02 01:17:21,087 - INFO - Successfully resumed process: nautilus (PID: 33043)
2025-11-02 01:17:21,087 - INFO - Successfully resumed process: chrome (PID: 46964)
2025-11-02 01:17:21,093 - INFO - Successfully resumed process: chrome (PID: 48613)
2025-11-02 01:17:21,093 - INFO - Successfully resumed process: chrome (PID: 50194)
2025-11-02 01:17:21,096 - INFO - Successfully resumed process: chrome (PID: 50416)
2025-11-02 01:17:21,096 - INFO - Successfully resumed process: chrome (PID: 51586)
2025-11-02 01:17:21,097 - INFO - Successfully resumed process: chrome (PID: 64363)
2025-11-02 01:17:21,097 - INFO - Successfully resumed process: chrome (PID: 64467)
2025-11-02 01:17:21,102 - INFO - Successfully resumed process: chrome (PID: 64473)
2025-11-02 01:17:21,102 - INFO - Successfully resumed process: chrome (PID: 65754)
2025-11-02 01:17:21,104 - INFO - Successfully resumed process: chrome (PID: 65796)
2025-11-02 01:17:21,106 - INFO - Successfully resumed process: chrome (PID: 65814)
2025-11-02 01:17:21,109 - INFO - Successfully resumed process: chrome (PID: 65825)
2025-11-02 01:17:21,110 - INFO - Successfully resumed process: chrome (PID: 65834)
2025-11-02 01:17:21,133 - INFO - Successfully resumed process: chrome (PID: 68183)
2025-11-02 01:17:21,134 - INFO - Successfully resumed process: chrome (PID: 69137)
2025-11-02 01:17:21,134 - INFO - Successfully resumed process: chrome (PID: 69138)
2025-11-02 01:17:21,134 - INFO - Successfully resumed process: chrome (PID: 69156)
2025-11-02 01:17:21,135 - INFO - Successfully resumed process: chrome (PID: 69315)
2025-11-02 01:17:21,165 - INFO - Successfully resumed process: chrome (PID: 69436)
2025-11-02 01:17:21,166 - INFO - Successfully resumed process: chrome (PID: 73984)
2025-11-02 01:17:21,166 - INFO - Successfully resumed process: chrome (PID: 75224)
2025-11-02 01:17:21,166 - INFO - Successfully resumed process: chrome (PID: 76465)
2025-11-02 01:17:21,167 - INFO - Successfully resumed process: chrome (PID: 78946)
2025-11-02 01:17:21,167 - INFO - Restored 2 services and 0 processes
2025-11-02 01:17:21,167 - INFO - Cleaned up paused state file
2025-11-02 01:17:25,392 - ERROR - No paused state file found. Nothing to restore.
